[INFO ] [18 14:09:46] [SpringApplication.java#655] [org.springframework.boot.SpringApplication-logStartupProfileInfo] -The following profiles are active: dev
[INFO ] [18 14:09:48] [RepositoryConfigurationDelegate.java#127] [org.springframework.data.repository.config.RepositoryConfigurationDelegate-registerRepositoriesIn] -Bootstrapping Spring Data JPA repositories in DEFERRED mode.
[INFO ] [18 14:09:48] [RepositoryConfigurationDelegate.java#187] [org.springframework.data.repository.config.RepositoryConfigurationDelegate-registerRepositoriesIn] -Finished Spring Data repository scanning in 101ms. Found 1 JPA repository interfaces.
[WARN ] [18 14:09:48] [EndpointId.java#155] [org.springframework.boot.actuate.endpoint.EndpointId-logWarning] -Endpoint ID 'service-registry' contains invalid characters, please migrate to a valid format.
[INFO ] [18 14:09:48] [GenericScope.java#295] [org.springframework.cloud.context.scope.GenericScope-setSerializationId] -BeanFactory id=2711fc3a-ae0b-3557-9503-3d1f23fbbde7
[INFO ] [18 14:09:49] [TomcatWebServer.java#108] [org.springframework.boot.web.embedded.tomcat.TomcatWebServer-initialize] -Tomcat initialized with port(s): 5007 (http)
[INFO ] [18 14:09:49] [DirectJDKLog.java#173] [org.apache.juli.logging.DirectJDKLog-log] -Starting service [Tomcat]
[INFO ] [18 14:09:49] [DirectJDKLog.java#173] [org.apache.juli.logging.DirectJDKLog-log] -Starting Servlet engine: [Apache Tomcat/9.0.37]
[INFO ] [18 14:09:49] [DirectJDKLog.java#173] [org.apache.juli.logging.DirectJDKLog-log] -Initializing Spring embedded WebApplicationContext
[INFO ] [18 14:09:49] [ServletWebServerApplicationContext.java#285] [org.springframework.boot.web.servlet.context.ServletWebServerApplicationContext-prepareWebApplicationContext] -Root WebApplicationContext: initialization completed in 3123 ms
[WARN ] [18 14:09:49] [URLConfigurationSource.java#121] [com.netflix.config.sources.URLConfigurationSource-<init>] -No URLs will be polled as dynamic configuration sources.
[INFO ] [18 14:09:49] [URLConfigurationSource.java#122] [com.netflix.config.sources.URLConfigurationSource-<init>] -To enable URLs as dynamic configuration sources, define System property archaius.configurationSource.additionalUrls or make config.properties available on classpath.
[INFO ] [18 14:09:49] [DynamicPropertyFactory.java#281] [com.netflix.config.DynamicPropertyFactory-getInstance] -DynamicPropertyFactory is initialized with configuration sources: com.netflix.config.ConcurrentCompositeConfiguration@11e92b8e
[INFO ] [18 14:09:50] [ExecutorConfigurationSupport.java#181] [org.springframework.scheduling.concurrent.ExecutorConfigurationSupport-initialize] -Initializing ExecutorService 'applicationTaskExecutor'
[INFO ] [18 14:09:50] [HikariDataSource.java#110] [com.zaxxer.hikari.HikariDataSource-getConnection] -HikariPool-1 - Starting...
[INFO ] [18 14:09:51] [HikariDataSource.java#123] [com.zaxxer.hikari.HikariDataSource-getConnection] -HikariPool-1 - Start completed.
[INFO ] [18 14:09:51] [LogHelper.java#31] [org.hibernate.jpa.internal.util.LogHelper-logPersistenceUnitInformation] -HHH000204: Processing PersistenceUnitInfo [name: default]
[INFO ] [18 14:09:51] [Version.java#44] [org.hibernate.Version-logVersion] -HHH000412: Hibernate ORM core version 5.4.20.Final
[INFO ] [18 14:09:52] [JavaReflectionManager.java#49] [org.hibernate.annotations.common.reflection.java.JavaReflectionManager-<clinit>] -HCANN000001: Hibernate Commons Annotations {5.1.0.Final}
[WARN ] [18 14:09:52] [JpaBaseConfiguration.java#220] [org.springframework.boot.autoconfigure.orm.jpa.JpaBaseConfiguration$JpaWebConfiguration-openEntityManagerInViewInterceptor] -spring.jpa.open-in-view is enabled by default. Therefore, database queries may be performed during view rendering. Explicitly configure spring.jpa.open-in-view to disable this warning
[INFO ] [18 14:09:52] [Dialect.java#170] [org.hibernate.dialect.Dialect-<init>] -HHH000400: Using dialect: org.hibernate.dialect.PostgreSQL10Dialect
[INFO ] [18 14:09:54] [EndpointLinksResolver.java#58] [org.springframework.boot.actuate.endpoint.web.EndpointLinksResolver-<init>] -Exposing 2 endpoint(s) beneath base path '/actuator'
[INFO ] [18 14:09:54] [PropertySourcedRequestMappingHandlerMapping.java#69] [springfox.documentation.spring.web.PropertySourcedRequestMappingHandlerMapping-initHandlerMethods] -Mapped URL path [/v2/api-docs] onto method [springfox.documentation.swagger2.web.Swagger2Controller#getDocumentation(String, HttpServletRequest)]
[WARN ] [18 14:09:54] [URLConfigurationSource.java#121] [com.netflix.config.sources.URLConfigurationSource-<init>] -No URLs will be polled as dynamic configuration sources.
[INFO ] [18 14:09:54] [URLConfigurationSource.java#122] [com.netflix.config.sources.URLConfigurationSource-<init>] -To enable URLs as dynamic configuration sources, define System property archaius.configurationSource.additionalUrls or make config.properties available on classpath.
[WARN ] [18 14:09:55] [OptionalLiveReloadServer.java#61] [org.springframework.boot.devtools.autoconfigure.OptionalLiveReloadServer-startServer] -Unable to start LiveReload server
[INFO ] [18 14:09:55] [JtaPlatformInitiator.java#52] [org.hibernate.engine.transaction.jta.platform.internal.JtaPlatformInitiator-initiateService] -HHH000490: Using JtaPlatform implementation: [org.hibernate.engine.transaction.jta.platform.internal.NoJtaPlatform]
[INFO ] [18 14:09:55] [AbstractEntityManagerFactoryBean.java#416] [org.springframework.orm.jpa.AbstractEntityManagerFactoryBean-buildNativeEntityManagerFactory] -Initialized JPA EntityManagerFactory for persistence unit 'default'
[WARN ] [18 14:09:56] [BlockingLoadBalancerClientAutoConfiguration.java#86] [org.springframework.cloud.loadbalancer.config.BlockingLoadBalancerClientAutoConfiguration$BlockingLoadBalancerClientRibbonWarnLogger-logWarning] -You already have RibbonLoadBalancerClient on your classpath. It will be used by default. As Spring Cloud Ribbon is in maintenance mode. We recommend switching to BlockingLoadBalancerClient instead. In order to use it, set the value of `spring.cloud.loadbalancer.ribbon.enabled` to `false` or remove spring-cloud-starter-netflix-ribbon from your project.
[INFO ] [18 14:09:56] [ExecutorConfigurationSupport.java#181] [org.springframework.scheduling.concurrent.ExecutorConfigurationSupport-initialize] -Initializing ExecutorService 'catalogWatchTaskScheduler'
[INFO ] [18 14:09:56] [TomcatWebServer.java#220] [org.springframework.boot.web.embedded.tomcat.TomcatWebServer-start] -Tomcat started on port(s): 5007 (http) with context path ''
[INFO ] [18 14:09:56] [ConsulServiceRegistry.java#66] [org.springframework.cloud.consul.serviceregistry.ConsulServiceRegistry-register] -Registering service with consul: NewService{id='ekart-payment-5007', name='ekart-payment', tags=[secure=false], address='192.168.43.58', meta={}, port=5007, enableTagOverride=null, check=Check{script='null', dockerContainerID='null', shell='null', interval='10s', ttl='null', http='http://192.168.43.58:5007/actuator/health', method='null', header={}, tcp='null', timeout='null', deregisterCriticalServiceAfter='null', tlsSkipVerify=null, status='null', grpc='null', grpcUseTLS=null}, checks=null}
[INFO ] [18 14:09:57] [DocumentationPluginsBootstrapper.java#160] [springfox.documentation.spring.web.plugins.DocumentationPluginsBootstrapper-start] -Context refreshed
[INFO ] [18 14:09:57] [DirectJDKLog.java#173] [org.apache.juli.logging.DirectJDKLog-log] -Initializing Spring DispatcherServlet 'dispatcherServlet'
[INFO ] [18 14:09:57] [FrameworkServlet.java#525] [org.springframework.web.servlet.FrameworkServlet-initServletBean] -Initializing Servlet 'dispatcherServlet'
[INFO ] [18 14:09:57] [FrameworkServlet.java#547] [org.springframework.web.servlet.FrameworkServlet-initServletBean] -Completed initialization in 27 ms
[INFO ] [18 14:09:57] [DocumentationPluginsBootstrapper.java#163] [springfox.documentation.spring.web.plugins.DocumentationPluginsBootstrapper-start] -Found 1 custom documentation plugin(s)
[INFO ] [18 14:09:57] [ApiListingReferenceScanner.java#41] [springfox.documentation.spring.web.scanners.ApiListingReferenceScanner-scan] -Scanning for api listing references
[INFO ] [18 14:09:57] [CachingOperationNameGenerator.java#40] [springfox.documentation.spring.web.readers.operation.CachingOperationNameGenerator-startingWith] -Generating unique operation named: handleUsingGET_1
[INFO ] [18 14:09:57] [CachingOperationNameGenerator.java#40] [springfox.documentation.spring.web.readers.operation.CachingOperationNameGenerator-startingWith] -Generating unique operation named: handleUsingGET_2
[INFO ] [18 14:09:57] [DeferredRepositoryInitializationListener.java#49] [org.springframework.data.repository.config.DeferredRepositoryInitializationListener-onApplicationEvent] -Triggering deferred initialization of Spring Data repositories…
[INFO ] [18 14:09:58] [DeferredRepositoryInitializationListener.java#53] [org.springframework.data.repository.config.DeferredRepositoryInitializationListener-onApplicationEvent] -Spring Data repositories initialized!
[INFO ] [18 14:09:58] [StartupInfoLogger.java#61] [org.springframework.boot.StartupInfoLogger-logStarted] -Started EkartPaymentApplication in 13.475 seconds (JVM running for 14.713)
[INFO ] [18 14:10:05] [ConfigServicePropertySourceLocator.java#257] [org.springframework.cloud.config.client.ConfigServicePropertySourceLocator-getRemoteEnvironment] -Fetching config from server at : http://localhost:5001
[INFO ] [18 14:10:05] [ConfigServicePropertySourceLocator.java#176] [org.springframework.cloud.config.client.ConfigServicePropertySourceLocator-log] -Located environment: name=ekart-payment, profiles=[dev], label=null, version=325553ce4ee48250c922a29e7adfbc8174f22a18, state=null
[INFO ] [18 14:15:05] [ConfigServicePropertySourceLocator.java#257] [org.springframework.cloud.config.client.ConfigServicePropertySourceLocator-getRemoteEnvironment] -Fetching config from server at : http://localhost:5001
[INFO ] [18 14:15:05] [ConfigServicePropertySourceLocator.java#176] [org.springframework.cloud.config.client.ConfigServicePropertySourceLocator-log] -Located environment: name=ekart-payment, profiles=[dev], label=null, version=325553ce4ee48250c922a29e7adfbc8174f22a18, state=null
[INFO ] [18 14:20:06] [ConfigServicePropertySourceLocator.java#257] [org.springframework.cloud.config.client.ConfigServicePropertySourceLocator-getRemoteEnvironment] -Fetching config from server at : http://localhost:5001
[INFO ] [18 14:20:06] [ConfigServicePropertySourceLocator.java#176] [org.springframework.cloud.config.client.ConfigServicePropertySourceLocator-log] -Located environment: name=ekart-payment, profiles=[dev], label=null, version=325553ce4ee48250c922a29e7adfbc8174f22a18, state=null
[INFO ] [18 14:25:06] [ConfigServicePropertySourceLocator.java#257] [org.springframework.cloud.config.client.ConfigServicePropertySourceLocator-getRemoteEnvironment] -Fetching config from server at : http://localhost:5001
[INFO ] [18 14:25:06] [ConfigServicePropertySourceLocator.java#176] [org.springframework.cloud.config.client.ConfigServicePropertySourceLocator-log] -Located environment: name=ekart-payment, profiles=[dev], label=null, version=325553ce4ee48250c922a29e7adfbc8174f22a18, state=null
[INFO ] [18 14:30:06] [ConfigServicePropertySourceLocator.java#257] [org.springframework.cloud.config.client.ConfigServicePropertySourceLocator-getRemoteEnvironment] -Fetching config from server at : http://localhost:5001
[INFO ] [18 14:30:06] [ConfigServicePropertySourceLocator.java#176] [org.springframework.cloud.config.client.ConfigServicePropertySourceLocator-log] -Located environment: name=ekart-payment, profiles=[dev], label=null, version=325553ce4ee48250c922a29e7adfbc8174f22a18, state=null
[INFO ] [18 14:35:07] [ConfigServicePropertySourceLocator.java#257] [org.springframework.cloud.config.client.ConfigServicePropertySourceLocator-getRemoteEnvironment] -Fetching config from server at : http://localhost:5001
[INFO ] [18 14:35:07] [ConfigServicePropertySourceLocator.java#176] [org.springframework.cloud.config.client.ConfigServicePropertySourceLocator-log] -Located environment: name=ekart-payment, profiles=[dev], label=null, version=325553ce4ee48250c922a29e7adfbc8174f22a18, state=null
[INFO ] [18 14:40:07] [ConfigServicePropertySourceLocator.java#257] [org.springframework.cloud.config.client.ConfigServicePropertySourceLocator-getRemoteEnvironment] -Fetching config from server at : http://localhost:5001
[INFO ] [18 14:40:07] [ConfigServicePropertySourceLocator.java#176] [org.springframework.cloud.config.client.ConfigServicePropertySourceLocator-log] -Located environment: name=ekart-payment, profiles=[dev], label=null, version=325553ce4ee48250c922a29e7adfbc8174f22a18, state=null
[INFO ] [18 14:45:07] [ConfigServicePropertySourceLocator.java#257] [org.springframework.cloud.config.client.ConfigServicePropertySourceLocator-getRemoteEnvironment] -Fetching config from server at : http://localhost:5001
[INFO ] [18 14:45:07] [ConfigServicePropertySourceLocator.java#176] [org.springframework.cloud.config.client.ConfigServicePropertySourceLocator-log] -Located environment: name=ekart-payment, profiles=[dev], label=null, version=325553ce4ee48250c922a29e7adfbc8174f22a18, state=null
[INFO ] [18 14:50:08] [ConfigServicePropertySourceLocator.java#257] [org.springframework.cloud.config.client.ConfigServicePropertySourceLocator-getRemoteEnvironment] -Fetching config from server at : http://localhost:5001
[INFO ] [18 14:50:08] [ConfigServicePropertySourceLocator.java#176] [org.springframework.cloud.config.client.ConfigServicePropertySourceLocator-log] -Located environment: name=ekart-payment, profiles=[dev], label=null, version=325553ce4ee48250c922a29e7adfbc8174f22a18, state=null
[INFO ] [18 14:55:08] [ConfigServicePropertySourceLocator.java#257] [org.springframework.cloud.config.client.ConfigServicePropertySourceLocator-getRemoteEnvironment] -Fetching config from server at : http://localhost:5001
[INFO ] [18 14:55:08] [ConfigServicePropertySourceLocator.java#176] [org.springframework.cloud.config.client.ConfigServicePropertySourceLocator-log] -Located environment: name=ekart-payment, profiles=[dev], label=null, version=325553ce4ee48250c922a29e7adfbc8174f22a18, state=null
[INFO ] [18 15:00:08] [ConfigServicePropertySourceLocator.java#257] [org.springframework.cloud.config.client.ConfigServicePropertySourceLocator-getRemoteEnvironment] -Fetching config from server at : http://localhost:5001
[INFO ] [18 15:00:08] [ConfigServicePropertySourceLocator.java#176] [org.springframework.cloud.config.client.ConfigServicePropertySourceLocator-log] -Located environment: name=ekart-payment, profiles=[dev], label=null, version=325553ce4ee48250c922a29e7adfbc8174f22a18, state=null
[INFO ] [18 15:05:09] [ConfigServicePropertySourceLocator.java#257] [org.springframework.cloud.config.client.ConfigServicePropertySourceLocator-getRemoteEnvironment] -Fetching config from server at : http://localhost:5001
[INFO ] [18 15:05:09] [ConfigServicePropertySourceLocator.java#176] [org.springframework.cloud.config.client.ConfigServicePropertySourceLocator-log] -Located environment: name=ekart-payment, profiles=[dev], label=null, version=325553ce4ee48250c922a29e7adfbc8174f22a18, state=null
[INFO ] [18 15:10:09] [ConfigServicePropertySourceLocator.java#257] [org.springframework.cloud.config.client.ConfigServicePropertySourceLocator-getRemoteEnvironment] -Fetching config from server at : http://localhost:5001
[INFO ] [18 15:10:09] [ConfigServicePropertySourceLocator.java#176] [org.springframework.cloud.config.client.ConfigServicePropertySourceLocator-log] -Located environment: name=ekart-payment, profiles=[dev], label=null, version=325553ce4ee48250c922a29e7adfbc8174f22a18, state=null
[INFO ] [18 15:15:09] [ConfigServicePropertySourceLocator.java#257] [org.springframework.cloud.config.client.ConfigServicePropertySourceLocator-getRemoteEnvironment] -Fetching config from server at : http://localhost:5001
[INFO ] [18 15:15:09] [ConfigServicePropertySourceLocator.java#176] [org.springframework.cloud.config.client.ConfigServicePropertySourceLocator-log] -Located environment: name=ekart-payment, profiles=[dev], label=null, version=325553ce4ee48250c922a29e7adfbc8174f22a18, state=null
[INFO ] [18 15:20:10] [ConfigServicePropertySourceLocator.java#257] [org.springframework.cloud.config.client.ConfigServicePropertySourceLocator-getRemoteEnvironment] -Fetching config from server at : http://localhost:5001
[INFO ] [18 15:20:10] [ConfigServicePropertySourceLocator.java#176] [org.springframework.cloud.config.client.ConfigServicePropertySourceLocator-log] -Located environment: name=ekart-payment, profiles=[dev], label=null, version=325553ce4ee48250c922a29e7adfbc8174f22a18, state=null
[INFO ] [18 15:25:10] [ConfigServicePropertySourceLocator.java#257] [org.springframework.cloud.config.client.ConfigServicePropertySourceLocator-getRemoteEnvironment] -Fetching config from server at : http://localhost:5001
[INFO ] [18 15:25:10] [ConfigServicePropertySourceLocator.java#176] [org.springframework.cloud.config.client.ConfigServicePropertySourceLocator-log] -Located environment: name=ekart-payment, profiles=[dev], label=null, version=325553ce4ee48250c922a29e7adfbc8174f22a18, state=null
[INFO ] [18 15:30:10] [ConfigServicePropertySourceLocator.java#257] [org.springframework.cloud.config.client.ConfigServicePropertySourceLocator-getRemoteEnvironment] -Fetching config from server at : http://localhost:5001
[INFO ] [18 15:30:10] [ConfigServicePropertySourceLocator.java#176] [org.springframework.cloud.config.client.ConfigServicePropertySourceLocator-log] -Located environment: name=ekart-payment, profiles=[dev], label=null, version=325553ce4ee48250c922a29e7adfbc8174f22a18, state=null
[INFO ] [18 15:35:11] [ConfigServicePropertySourceLocator.java#257] [org.springframework.cloud.config.client.ConfigServicePropertySourceLocator-getRemoteEnvironment] -Fetching config from server at : http://localhost:5001
[INFO ] [18 15:35:11] [ConfigServicePropertySourceLocator.java#176] [org.springframework.cloud.config.client.ConfigServicePropertySourceLocator-log] -Located environment: name=ekart-payment, profiles=[dev], label=null, version=325553ce4ee48250c922a29e7adfbc8174f22a18, state=null
