[INFO ] [18 14:09:57] [SpringApplication.java#655] [org.springframework.boot.SpringApplication-logStartupProfileInfo] -The following profiles are active: dev
[INFO ] [18 14:09:58] [RepositoryConfigurationDelegate.java#127] [org.springframework.data.repository.config.RepositoryConfigurationDelegate-registerRepositoriesIn] -Bootstrapping Spring Data JPA repositories in DEFERRED mode.
[INFO ] [18 14:09:59] [RepositoryConfigurationDelegate.java#187] [org.springframework.data.repository.config.RepositoryConfigurationDelegate-registerRepositoriesIn] -Finished Spring Data repository scanning in 73ms. Found 1 JPA repository interfaces.
[WARN ] [18 14:09:59] [EndpointId.java#155] [org.springframework.boot.actuate.endpoint.EndpointId-logWarning] -Endpoint ID 'service-registry' contains invalid characters, please migrate to a valid format.
[INFO ] [18 14:09:59] [GenericScope.java#295] [org.springframework.cloud.context.scope.GenericScope-setSerializationId] -BeanFactory id=da5a1573-dedd-365c-a604-ed52218c115a
[INFO ] [18 14:10:00] [TomcatWebServer.java#108] [org.springframework.boot.web.embedded.tomcat.TomcatWebServer-initialize] -Tomcat initialized with port(s): 5005 (http)
[INFO ] [18 14:10:00] [DirectJDKLog.java#173] [org.apache.juli.logging.DirectJDKLog-log] -Starting service [Tomcat]
[INFO ] [18 14:10:00] [DirectJDKLog.java#173] [org.apache.juli.logging.DirectJDKLog-log] -Starting Servlet engine: [Apache Tomcat/9.0.37]
[INFO ] [18 14:10:00] [DirectJDKLog.java#173] [org.apache.juli.logging.DirectJDKLog-log] -Initializing Spring embedded WebApplicationContext
[INFO ] [18 14:10:00] [ServletWebServerApplicationContext.java#285] [org.springframework.boot.web.servlet.context.ServletWebServerApplicationContext-prepareWebApplicationContext] -Root WebApplicationContext: initialization completed in 2803 ms
[WARN ] [18 14:10:00] [URLConfigurationSource.java#121] [com.netflix.config.sources.URLConfigurationSource-<init>] -No URLs will be polled as dynamic configuration sources.
[INFO ] [18 14:10:00] [URLConfigurationSource.java#122] [com.netflix.config.sources.URLConfigurationSource-<init>] -To enable URLs as dynamic configuration sources, define System property archaius.configurationSource.additionalUrls or make config.properties available on classpath.
[INFO ] [18 14:10:00] [DynamicPropertyFactory.java#281] [com.netflix.config.DynamicPropertyFactory-getInstance] -DynamicPropertyFactory is initialized with configuration sources: com.netflix.config.ConcurrentCompositeConfiguration@2aa6104b
[INFO ] [18 14:10:00] [ExecutorConfigurationSupport.java#181] [org.springframework.scheduling.concurrent.ExecutorConfigurationSupport-initialize] -Initializing ExecutorService 'applicationTaskExecutor'
[INFO ] [18 14:10:00] [HikariDataSource.java#110] [com.zaxxer.hikari.HikariDataSource-getConnection] -POSTGRES_DB - Starting...
[INFO ] [18 14:10:01] [HikariDataSource.java#123] [com.zaxxer.hikari.HikariDataSource-getConnection] -POSTGRES_DB - Start completed.
[INFO ] [18 14:10:01] [LogHelper.java#31] [org.hibernate.jpa.internal.util.LogHelper-logPersistenceUnitInformation] -HHH000204: Processing PersistenceUnitInfo [name: default]
[INFO ] [18 14:10:01] [Version.java#44] [org.hibernate.Version-logVersion] -HHH000412: Hibernate ORM core version 5.4.20.Final
[INFO ] [18 14:10:01] [JavaReflectionManager.java#49] [org.hibernate.annotations.common.reflection.java.JavaReflectionManager-<clinit>] -HCANN000001: Hibernate Commons Annotations {5.1.0.Final}
[INFO ] [18 14:10:01] [Dialect.java#170] [org.hibernate.dialect.Dialect-<init>] -HHH000400: Using dialect: org.hibernate.dialect.PostgreSQL10Dialect
[WARN ] [18 14:10:02] [JpaBaseConfiguration.java#220] [org.springframework.boot.autoconfigure.orm.jpa.JpaBaseConfiguration$JpaWebConfiguration-openEntityManagerInViewInterceptor] -spring.jpa.open-in-view is enabled by default. Therefore, database queries may be performed during view rendering. Explicitly configure spring.jpa.open-in-view to disable this warning
[INFO ] [18 14:10:02] [JtaPlatformInitiator.java#52] [org.hibernate.engine.transaction.jta.platform.internal.JtaPlatformInitiator-initiateService] -HHH000490: Using JtaPlatform implementation: [org.hibernate.engine.transaction.jta.platform.internal.NoJtaPlatform]
[INFO ] [18 14:10:02] [AbstractEntityManagerFactoryBean.java#416] [org.springframework.orm.jpa.AbstractEntityManagerFactoryBean-buildNativeEntityManagerFactory] -Initialized JPA EntityManagerFactory for persistence unit 'default'
[INFO ] [18 14:10:03] [EndpointLinksResolver.java#58] [org.springframework.boot.actuate.endpoint.web.EndpointLinksResolver-<init>] -Exposing 2 endpoint(s) beneath base path '/actuator'
[INFO ] [18 14:10:03] [PropertySourcedRequestMappingHandlerMapping.java#69] [springfox.documentation.spring.web.PropertySourcedRequestMappingHandlerMapping-initHandlerMethods] -Mapped URL path [/v2/api-docs] onto method [springfox.documentation.swagger2.web.Swagger2Controller#getDocumentation(String, HttpServletRequest)]
[WARN ] [18 14:10:03] [URLConfigurationSource.java#121] [com.netflix.config.sources.URLConfigurationSource-<init>] -No URLs will be polled as dynamic configuration sources.
[INFO ] [18 14:10:03] [URLConfigurationSource.java#122] [com.netflix.config.sources.URLConfigurationSource-<init>] -To enable URLs as dynamic configuration sources, define System property archaius.configurationSource.additionalUrls or make config.properties available on classpath.
[WARN ] [18 14:10:03] [OptionalLiveReloadServer.java#61] [org.springframework.boot.devtools.autoconfigure.OptionalLiveReloadServer-startServer] -Unable to start LiveReload server
[WARN ] [18 14:10:04] [BlockingLoadBalancerClientAutoConfiguration.java#86] [org.springframework.cloud.loadbalancer.config.BlockingLoadBalancerClientAutoConfiguration$BlockingLoadBalancerClientRibbonWarnLogger-logWarning] -You already have RibbonLoadBalancerClient on your classpath. It will be used by default. As Spring Cloud Ribbon is in maintenance mode. We recommend switching to BlockingLoadBalancerClient instead. In order to use it, set the value of `spring.cloud.loadbalancer.ribbon.enabled` to `false` or remove spring-cloud-starter-netflix-ribbon from your project.
[INFO ] [18 14:10:04] [ExecutorConfigurationSupport.java#181] [org.springframework.scheduling.concurrent.ExecutorConfigurationSupport-initialize] -Initializing ExecutorService 'catalogWatchTaskScheduler'
[INFO ] [18 14:10:04] [DirectJDKLog.java#173] [org.apache.juli.logging.DirectJDKLog-log] -Initializing Spring DispatcherServlet 'dispatcherServlet'
[INFO ] [18 14:10:04] [FrameworkServlet.java#525] [org.springframework.web.servlet.FrameworkServlet-initServletBean] -Initializing Servlet 'dispatcherServlet'
[INFO ] [18 14:10:04] [FrameworkServlet.java#547] [org.springframework.web.servlet.FrameworkServlet-initServletBean] -Completed initialization in 24 ms
[INFO ] [18 14:10:04] [TomcatWebServer.java#220] [org.springframework.boot.web.embedded.tomcat.TomcatWebServer-start] -Tomcat started on port(s): 5005 (http) with context path ''
[INFO ] [18 14:10:04] [ConsulServiceRegistry.java#66] [org.springframework.cloud.consul.serviceregistry.ConsulServiceRegistry-register] -Registering service with consul: NewService{id='ekart-order-5005', name='ekart-order', tags=[secure=false], address='192.168.43.58', meta={}, port=5005, enableTagOverride=null, check=Check{script='null', dockerContainerID='null', shell='null', interval='10s', ttl='null', http='http://192.168.43.58:5005/actuator/health', method='null', header={}, tcp='null', timeout='null', deregisterCriticalServiceAfter='null', tlsSkipVerify=null, status='null', grpc='null', grpcUseTLS=null}, checks=null}
[INFO ] [18 14:10:04] [DocumentationPluginsBootstrapper.java#160] [springfox.documentation.spring.web.plugins.DocumentationPluginsBootstrapper-start] -Context refreshed
[INFO ] [18 14:10:04] [DocumentationPluginsBootstrapper.java#163] [springfox.documentation.spring.web.plugins.DocumentationPluginsBootstrapper-start] -Found 1 custom documentation plugin(s)
[INFO ] [18 14:10:04] [ApiListingReferenceScanner.java#41] [springfox.documentation.spring.web.scanners.ApiListingReferenceScanner-scan] -Scanning for api listing references
[INFO ] [18 14:10:05] [CachingOperationNameGenerator.java#40] [springfox.documentation.spring.web.readers.operation.CachingOperationNameGenerator-startingWith] -Generating unique operation named: handleUsingGET_1
[INFO ] [18 14:10:05] [CachingOperationNameGenerator.java#40] [springfox.documentation.spring.web.readers.operation.CachingOperationNameGenerator-startingWith] -Generating unique operation named: handleUsingGET_2
[INFO ] [18 14:10:05] [DeferredRepositoryInitializationListener.java#49] [org.springframework.data.repository.config.DeferredRepositoryInitializationListener-onApplicationEvent] -Triggering deferred initialization of Spring Data repositories…
[INFO ] [18 14:10:05] [DeferredRepositoryInitializationListener.java#53] [org.springframework.data.repository.config.DeferredRepositoryInitializationListener-onApplicationEvent] -Spring Data repositories initialized!
[INFO ] [18 14:10:05] [StartupInfoLogger.java#61] [org.springframework.boot.StartupInfoLogger-logStarted] -Started EkartOrderiApplication in 10.761 seconds (JVM running for 13.045)
[DEBUG] [18 14:10:05] [EkartOrderiApplication.java#17] [com.itachi.ekart.order.EkartOrderiApplication-main] -OrderServiceApplication has been initialized
[INFO ] [18 14:10:07] [ConfigServicePropertySourceLocator.java#257] [org.springframework.cloud.config.client.ConfigServicePropertySourceLocator-getRemoteEnvironment] -Fetching config from server at : http://localhost:5001
[INFO ] [18 14:10:07] [ConfigServicePropertySourceLocator.java#176] [org.springframework.cloud.config.client.ConfigServicePropertySourceLocator-log] -Located environment: name=ekart-order, profiles=[dev], label=null, version=325553ce4ee48250c922a29e7adfbc8174f22a18, state=null
[INFO ] [18 14:15:07] [ConfigServicePropertySourceLocator.java#257] [org.springframework.cloud.config.client.ConfigServicePropertySourceLocator-getRemoteEnvironment] -Fetching config from server at : http://localhost:5001
[INFO ] [18 14:15:08] [ConfigServicePropertySourceLocator.java#176] [org.springframework.cloud.config.client.ConfigServicePropertySourceLocator-log] -Located environment: name=ekart-order, profiles=[dev], label=null, version=325553ce4ee48250c922a29e7adfbc8174f22a18, state=null
[INFO ] [18 14:20:08] [ConfigServicePropertySourceLocator.java#257] [org.springframework.cloud.config.client.ConfigServicePropertySourceLocator-getRemoteEnvironment] -Fetching config from server at : http://localhost:5001
[INFO ] [18 14:20:08] [ConfigServicePropertySourceLocator.java#176] [org.springframework.cloud.config.client.ConfigServicePropertySourceLocator-log] -Located environment: name=ekart-order, profiles=[dev], label=null, version=325553ce4ee48250c922a29e7adfbc8174f22a18, state=null
[INFO ] [18 14:25:08] [ConfigServicePropertySourceLocator.java#257] [org.springframework.cloud.config.client.ConfigServicePropertySourceLocator-getRemoteEnvironment] -Fetching config from server at : http://localhost:5001
[INFO ] [18 14:25:09] [ConfigServicePropertySourceLocator.java#176] [org.springframework.cloud.config.client.ConfigServicePropertySourceLocator-log] -Located environment: name=ekart-order, profiles=[dev], label=null, version=325553ce4ee48250c922a29e7adfbc8174f22a18, state=null
[INFO ] [18 14:30:09] [ConfigServicePropertySourceLocator.java#257] [org.springframework.cloud.config.client.ConfigServicePropertySourceLocator-getRemoteEnvironment] -Fetching config from server at : http://localhost:5001
[INFO ] [18 14:30:09] [ConfigServicePropertySourceLocator.java#176] [org.springframework.cloud.config.client.ConfigServicePropertySourceLocator-log] -Located environment: name=ekart-order, profiles=[dev], label=null, version=325553ce4ee48250c922a29e7adfbc8174f22a18, state=null
[INFO ] [18 14:35:09] [ConfigServicePropertySourceLocator.java#257] [org.springframework.cloud.config.client.ConfigServicePropertySourceLocator-getRemoteEnvironment] -Fetching config from server at : http://localhost:5001
[INFO ] [18 14:35:09] [ConfigServicePropertySourceLocator.java#176] [org.springframework.cloud.config.client.ConfigServicePropertySourceLocator-log] -Located environment: name=ekart-order, profiles=[dev], label=null, version=325553ce4ee48250c922a29e7adfbc8174f22a18, state=null
[INFO ] [18 14:40:10] [ConfigServicePropertySourceLocator.java#257] [org.springframework.cloud.config.client.ConfigServicePropertySourceLocator-getRemoteEnvironment] -Fetching config from server at : http://localhost:5001
[INFO ] [18 14:40:10] [ConfigServicePropertySourceLocator.java#176] [org.springframework.cloud.config.client.ConfigServicePropertySourceLocator-log] -Located environment: name=ekart-order, profiles=[dev], label=null, version=325553ce4ee48250c922a29e7adfbc8174f22a18, state=null
[INFO ] [18 14:45:10] [ConfigServicePropertySourceLocator.java#257] [org.springframework.cloud.config.client.ConfigServicePropertySourceLocator-getRemoteEnvironment] -Fetching config from server at : http://localhost:5001
[INFO ] [18 14:45:10] [ConfigServicePropertySourceLocator.java#176] [org.springframework.cloud.config.client.ConfigServicePropertySourceLocator-log] -Located environment: name=ekart-order, profiles=[dev], label=null, version=325553ce4ee48250c922a29e7adfbc8174f22a18, state=null
[INFO ] [18 14:50:10] [ConfigServicePropertySourceLocator.java#257] [org.springframework.cloud.config.client.ConfigServicePropertySourceLocator-getRemoteEnvironment] -Fetching config from server at : http://localhost:5001
[INFO ] [18 14:50:10] [ConfigServicePropertySourceLocator.java#176] [org.springframework.cloud.config.client.ConfigServicePropertySourceLocator-log] -Located environment: name=ekart-order, profiles=[dev], label=null, version=325553ce4ee48250c922a29e7adfbc8174f22a18, state=null
[INFO ] [18 14:55:10] [ConfigServicePropertySourceLocator.java#257] [org.springframework.cloud.config.client.ConfigServicePropertySourceLocator-getRemoteEnvironment] -Fetching config from server at : http://localhost:5001
[INFO ] [18 14:55:11] [ConfigServicePropertySourceLocator.java#176] [org.springframework.cloud.config.client.ConfigServicePropertySourceLocator-log] -Located environment: name=ekart-order, profiles=[dev], label=null, version=325553ce4ee48250c922a29e7adfbc8174f22a18, state=null
[INFO ] [18 15:00:11] [ConfigServicePropertySourceLocator.java#257] [org.springframework.cloud.config.client.ConfigServicePropertySourceLocator-getRemoteEnvironment] -Fetching config from server at : http://localhost:5001
[INFO ] [18 15:00:11] [ConfigServicePropertySourceLocator.java#176] [org.springframework.cloud.config.client.ConfigServicePropertySourceLocator-log] -Located environment: name=ekart-order, profiles=[dev], label=null, version=325553ce4ee48250c922a29e7adfbc8174f22a18, state=null
[INFO ] [18 15:05:11] [ConfigServicePropertySourceLocator.java#257] [org.springframework.cloud.config.client.ConfigServicePropertySourceLocator-getRemoteEnvironment] -Fetching config from server at : http://localhost:5001
[INFO ] [18 15:05:11] [ConfigServicePropertySourceLocator.java#176] [org.springframework.cloud.config.client.ConfigServicePropertySourceLocator-log] -Located environment: name=ekart-order, profiles=[dev], label=null, version=325553ce4ee48250c922a29e7adfbc8174f22a18, state=null
[INFO ] [18 15:10:11] [ConfigServicePropertySourceLocator.java#257] [org.springframework.cloud.config.client.ConfigServicePropertySourceLocator-getRemoteEnvironment] -Fetching config from server at : http://localhost:5001
[INFO ] [18 15:10:12] [ConfigServicePropertySourceLocator.java#176] [org.springframework.cloud.config.client.ConfigServicePropertySourceLocator-log] -Located environment: name=ekart-order, profiles=[dev], label=null, version=325553ce4ee48250c922a29e7adfbc8174f22a18, state=null
[INFO ] [18 15:15:12] [ConfigServicePropertySourceLocator.java#257] [org.springframework.cloud.config.client.ConfigServicePropertySourceLocator-getRemoteEnvironment] -Fetching config from server at : http://localhost:5001
[INFO ] [18 15:15:12] [ConfigServicePropertySourceLocator.java#176] [org.springframework.cloud.config.client.ConfigServicePropertySourceLocator-log] -Located environment: name=ekart-order, profiles=[dev], label=null, version=325553ce4ee48250c922a29e7adfbc8174f22a18, state=null
[INFO ] [18 15:20:12] [ConfigServicePropertySourceLocator.java#257] [org.springframework.cloud.config.client.ConfigServicePropertySourceLocator-getRemoteEnvironment] -Fetching config from server at : http://localhost:5001
[INFO ] [18 15:20:12] [ConfigServicePropertySourceLocator.java#176] [org.springframework.cloud.config.client.ConfigServicePropertySourceLocator-log] -Located environment: name=ekart-order, profiles=[dev], label=null, version=325553ce4ee48250c922a29e7adfbc8174f22a18, state=null
[INFO ] [18 15:25:12] [ConfigServicePropertySourceLocator.java#257] [org.springframework.cloud.config.client.ConfigServicePropertySourceLocator-getRemoteEnvironment] -Fetching config from server at : http://localhost:5001
[INFO ] [18 15:25:13] [ConfigServicePropertySourceLocator.java#176] [org.springframework.cloud.config.client.ConfigServicePropertySourceLocator-log] -Located environment: name=ekart-order, profiles=[dev], label=null, version=325553ce4ee48250c922a29e7adfbc8174f22a18, state=null
[INFO ] [18 15:30:13] [ConfigServicePropertySourceLocator.java#257] [org.springframework.cloud.config.client.ConfigServicePropertySourceLocator-getRemoteEnvironment] -Fetching config from server at : http://localhost:5001
[INFO ] [18 15:30:13] [ConfigServicePropertySourceLocator.java#176] [org.springframework.cloud.config.client.ConfigServicePropertySourceLocator-log] -Located environment: name=ekart-order, profiles=[dev], label=null, version=325553ce4ee48250c922a29e7adfbc8174f22a18, state=null
[INFO ] [18 15:35:13] [ConfigServicePropertySourceLocator.java#257] [org.springframework.cloud.config.client.ConfigServicePropertySourceLocator-getRemoteEnvironment] -Fetching config from server at : http://localhost:5001
[INFO ] [18 15:35:13] [ConfigServicePropertySourceLocator.java#176] [org.springframework.cloud.config.client.ConfigServicePropertySourceLocator-log] -Located environment: name=ekart-order, profiles=[dev], label=null, version=325553ce4ee48250c922a29e7adfbc8174f22a18, state=null
